  Map.cpp
C:\Program Files (x86)\Microsoft Visual Studio\2019\Community\VC\Tools\MSVC\14.29.30133\include\utility(242,61): warning C4244: '초기화 중': '_Ty'에서 '_Ty2'(으)로 변환하면서 데이터가 손실될 수 있습니다.
          with
          [
              _Ty=int
          ]
          and
          [
              _Ty2=float
          ]
C:\Program Files (x86)\Microsoft Visual Studio\2019\Community\VC\Tools\MSVC\14.29.30133\include\xmemory(674): message : 컴파일되는 함수 템플릿 인스턴스화 'std::pair<const int,float>::pair<int,int,0>(std::pair<int,int> &&) noexcept'에 대한 참조를 확인하세요.
C:\Program Files (x86)\Microsoft Visual Studio\2019\Community\VC\Tools\MSVC\14.29.30133\include\xmemory(681): message : 컴파일되는 함수 템플릿 인스턴스화 'std::pair<const int,float>::pair<int,int,0>(std::pair<int,int> &&) noexcept'에 대한 참조를 확인하세요.
C:\Program Files (x86)\Microsoft Visual Studio\2019\Community\VC\Tools\MSVC\14.29.30133\include\xtree(804): message : 컴파일되는 함수 템플릿 인스턴스화 'void std::_Default_allocator_traits<_Alloc>::construct<_Ty,std::pair<int,int>>(_Alloc &,_Objty *const ,std::pair<int,int> &&)'에 대한 참조를 확인하세요.
          with
          [
              _Alloc=std::allocator<std::_Tree_node<std::pair<const int,float>,std::_Default_allocator_traits<std::allocator<std::pair<const int,float>>>::void_pointer>>,
              _Ty=std::pair<const int,float>,
              _Objty=std::pair<const int,float>
          ]
C:\Program Files (x86)\Microsoft Visual Studio\2019\Community\VC\Tools\MSVC\14.29.30133\include\xtree(805): message : 컴파일되는 함수 템플릿 인스턴스화 'void std::_Default_allocator_traits<_Alloc>::construct<_Ty,std::pair<int,int>>(_Alloc &,_Objty *const ,std::pair<int,int> &&)'에 대한 참조를 확인하세요.
          with
          [
              _Alloc=std::allocator<std::_Tree_node<std::pair<const int,float>,std::_Default_allocator_traits<std::allocator<std::pair<const int,float>>>::void_pointer>>,
              _Ty=std::pair<const int,float>,
              _Objty=std::pair<const int,float>
          ]
C:\Program Files (x86)\Microsoft Visual Studio\2019\Community\VC\Tools\MSVC\14.29.30133\include\xtree(999): message : 컴파일되는 함수 템플릿 인스턴스화 'std::_Tree_temp_node<std::allocator<std::_Tree_node<std::pair<const int,float>,std::_Default_allocator_traits<_Alloc>::void_pointer>>>::_Tree_temp_node<_Ty>(_Alnode &,std::_Tree_node<std::pair<const int,float>,std::_Default_allocator_traits<_Alloc>::void_pointer> *,_Ty &&)'에 대한 참조를 확인하세요.
          with
          [
              _Alloc=std::allocator<std::pair<const int,float>>,
              _Ty=std::pair<int,int>,
              _Alnode=std::allocator<std::_Tree_node<std::pair<const int,float>,std::_Default_allocator_traits<std::allocator<std::pair<const int,float>>>::void_pointer>>
          ]
C:\Program Files (x86)\Microsoft Visual Studio\2019\Community\VC\Tools\MSVC\14.29.30133\include\xtree(1012): message : 컴파일되는 함수 템플릿 인스턴스화 'std::_Tree_temp_node<std::allocator<std::_Tree_node<std::pair<const int,float>,std::_Default_allocator_traits<_Alloc>::void_pointer>>>::_Tree_temp_node<_Ty>(_Alnode &,std::_Tree_node<std::pair<const int,float>,std::_Default_allocator_traits<_Alloc>::void_pointer> *,_Ty &&)'에 대한 참조를 확인하세요.
          with
          [
              _Alloc=std::allocator<std::pair<const int,float>>,
              _Ty=std::pair<int,int>,
              _Alnode=std::allocator<std::_Tree_node<std::pair<const int,float>,std::_Default_allocator_traits<std::allocator<std::pair<const int,float>>>::void_pointer>>
          ]
C:\Program Files (x86)\Microsoft Visual Studio\2019\Community\VC\Tools\MSVC\14.29.30133\include\xtree(1036): message : 컴파일되는 함수 템플릿 인스턴스화 'std::pair<std::_Tree_node<std::pair<const int,float>,std::_Default_allocator_traits<_Alloc>::void_pointer> *,bool> std::_Tree<std::_Tmap_traits<_Kty,_Ty,_Pr,_Alloc,false>>::_Emplace<std::pair<int,int>>(std::pair<int,int> &&)'에 대한 참조를 확인하세요.
          with
          [
              _Alloc=std::allocator<std::pair<const int,float>>,
              _Kty=int,
              _Ty=float,
              _Pr=std::less<int>
          ]
C:\Program Files (x86)\Microsoft Visual Studio\2019\Community\VC\Tools\MSVC\14.29.30133\include\xtree(1037): message : 컴파일되는 함수 템플릿 인스턴스화 'std::pair<std::_Tree_node<std::pair<const int,float>,std::_Default_allocator_traits<_Alloc>::void_pointer> *,bool> std::_Tree<std::_Tmap_traits<_Kty,_Ty,_Pr,_Alloc,false>>::_Emplace<std::pair<int,int>>(std::pair<int,int> &&)'에 대한 참조를 확인하세요.
          with
          [
              _Alloc=std::allocator<std::pair<const int,float>>,
              _Kty=int,
              _Ty=float,
              _Pr=std::less<int>
          ]
C:\Program Files (x86)\Microsoft Visual Studio\2019\Community\VC\Tools\MSVC\14.29.30133\include\map(163): message : 컴파일되는 함수 템플릿 인스턴스화 'std::pair<std::_Tree_iterator<std::_Tree_val<std::_Tree_simple_types<std::pair<const int,float>>>>,bool> std::_Tree<std::_Tmap_traits<_Kty,_Ty,_Pr,_Alloc,false>>::emplace<std::pair<int,int>>(std::pair<int,int> &&)'에 대한 참조를 확인하세요.
          with
          [
              _Kty=int,
              _Ty=float,
              _Pr=std::less<int>,
              _Alloc=std::allocator<std::pair<const int,float>>
          ]
C:\Program Files (x86)\Microsoft Visual Studio\2019\Community\VC\Tools\MSVC\14.29.30133\include\map(163): message : 컴파일되는 함수 템플릿 인스턴스화 'std::pair<std::_Tree_iterator<std::_Tree_val<std::_Tree_simple_types<std::pair<const int,float>>>>,bool> std::_Tree<std::_Tmap_traits<_Kty,_Ty,_Pr,_Alloc,false>>::emplace<std::pair<int,int>>(std::pair<int,int> &&)'에 대한 참조를 확인하세요.
          with
          [
              _Kty=int,
              _Ty=float,
              _Pr=std::less<int>,
              _Alloc=std::allocator<std::pair<const int,float>>
          ]
C:\Users\user\source\repos\doriToT\Jun_Container_Map\Map_Practice1\Map_Practice1\Map.cpp(120): message : 컴파일되는 함수 템플릿 인스턴스화 'std::pair<std::_Tree_iterator<std::_Tree_val<std::_Tree_simple_types<std::pair<const int,float>>>>,bool> std::map<int,float,std::less<int>,std::allocator<std::pair<const int,float>>>::insert<std::pair<int,int>,0>(_Valty &&)'에 대한 참조를 확인하세요.
          with
          [
              _Valty=std::pair<int,int>
          ]
C:\Users\user\source\repos\doriToT\Jun_Container_Map\Map_Practice1\Map_Practice1\Map.cpp(120): message : 컴파일되는 함수 템플릿 인스턴스화 'std::pair<std::_Tree_iterator<std::_Tree_val<std::_Tree_simple_types<std::pair<const int,float>>>>,bool> std::map<int,float,std::less<int>,std::allocator<std::pair<const int,float>>>::insert<std::pair<int,int>,0>(_Valty &&)'에 대한 참조를 확인하세요.
          with
          [
              _Valty=std::pair<int,int>
          ]
  Map_Practice1.vcxproj -> C:\Users\user\source\repos\doriToT\Jun_Container_Map\Map_Practice1\Debug\Map_Practice1.exe
